<?xml version="1.0" encoding="utf-8"?>
<TestRun id="4e47735a-552d-44fc-be33-d3892f91d476" name="@fv-az1695-187 2025-03-09 08:55:44" xmlns="http://microsoft.com/schemas/VisualStudio/TeamTest/2010">
  <Times creation="2025-03-09T08:55:44.9518411+00:00" queuing="2025-03-09T08:55:44.9518411+00:00" start="2025-03-09T08:55:44.3719631+00:00" finish="2025-03-09T08:55:44.9573562+00:00" />
  <TestSettings name="default" id="928e076b-c6a4-4e77-8e97-40604fd534c6">
    <Deployment runDeploymentRoot="_fv-az1695-187_2025-03-09_08_55_44" />
  </TestSettings>
  <Results>
    <UnitTestResult executionId="fc87cc38-0b40-42c3-aef8-1a6575cb876d" testId="5ceebc2e-d578-7933-b5ba-c7e9c791e4db" testName="TestMyMiddlewareIntegration (100)" computerName="fv-az1695-187" duration="00:00:00.0075470" startTime="2025-03-09T08:55:44.8077167+00:00" endTime="2025-03-09T08:55:44.8417041+00:00" testType="13cdc9d9-ddb5-4fa4-a97d-d965ccfc6d4b" outcome="Passed" testListId="8c84fa94-04c1-424b-9868-57a2d4851a1d" relativeResultsDirectory="fc87cc38-0b40-42c3-aef8-1a6575cb876d" />
  </Results>
  <TestDefinitions>
    <UnitTest name="TestMyMiddlewareIntegration (100)" storage="/home/runner/work/blackbytesbox.unified.core/blackbytesbox.unified.core/source/blackbytesbox.unified.core/blackbytesbox.unified.core.tests/bin/release/net9.0/blackbytesbox.unified.core.tests.dll" id="5ceebc2e-d578-7933-b5ba-c7e9c791e4db">
      <Execution id="fc87cc38-0b40-42c3-aef8-1a6575cb876d" />
      <TestMethod codeBase="/home/runner/work/BlackBytesBox.Unified.Core/BlackBytesBox.Unified.Core/source/BlackBytesBox.Unified.Core/BlackBytesBox.Unified.Core.Tests/bin/Release/net9.0/BlackBytesBox.Unified.Core.Tests.dll" adapterTypeName="executor://mstestadapter/v2" className="BlackBytesBox.Unified.Core.Tests.MainContextIntegrationTests" name="TestMyMiddlewareIntegration" />
    </UnitTest>
  </TestDefinitions>
  <TestEntries>
    <TestEntry testId="5ceebc2e-d578-7933-b5ba-c7e9c791e4db" executionId="fc87cc38-0b40-42c3-aef8-1a6575cb876d" testListId="8c84fa94-04c1-424b-9868-57a2d4851a1d" />
  </TestEntries>
  <TestLists>
    <TestList name="Results Not in a List" id="8c84fa94-04c1-424b-9868-57a2d4851a1d" />
    <TestList name="All Loaded Results" id="19431567-8539-422a-85d7-44ee4e166bda" />
  </TestLists>
  <ResultSummary outcome="Completed">
    <Counters total="1" executed="1" passed="1" failed="0" error="0" timeout="0" aborted="0" inconclusive="0" passedButRunAborted="0" notRunnable="0" notExecuted="0" disconnected="0" warning="0" completed="0" inProgress="0" pending="0" />
    <Output>
      <StdOut>Test Parallelization enabled for /home/runner/work/BlackBytesBox.Unified.Core/BlackBytesBox.Unified.Core/source/BlackBytesBox.Unified.Core/BlackBytesBox.Unified.Core.Tests/bin/Release/net9.0/BlackBytesBox.Unified.Core.Tests.dll (Workers: 4, Scope: MethodLevel)
</StdOut>
    </Output>
  </ResultSummary>
</TestRun>