<?xml version="1.0" encoding="utf-8"?>
<TestRun id="343288cf-4001-46e7-8e7e-b63513f68c6f" name="@fv-az1938-763 2025-03-09 08:50:37" xmlns="http://microsoft.com/schemas/VisualStudio/TeamTest/2010">
  <Times creation="2025-03-09T08:50:37.7633129+00:00" queuing="2025-03-09T08:50:37.7633130+00:00" start="2025-03-09T08:50:37.1662784+00:00" finish="2025-03-09T08:50:37.7690257+00:00" />
  <TestSettings name="default" id="360c51d7-7295-4ccd-a2dc-68d9b218725e">
    <Deployment runDeploymentRoot="_fv-az1938-763_2025-03-09_08_50_37" />
  </TestSettings>
  <Results>
    <UnitTestResult executionId="a41d460d-b6e4-4b5d-8c68-001399b95299" testId="5ceebc2e-d578-7933-b5ba-c7e9c791e4db" testName="TestMyMiddlewareIntegration (100)" computerName="fv-az1938-763" duration="00:00:00.0076516" startTime="2025-03-09T08:50:37.6183578+00:00" endTime="2025-03-09T08:50:37.6526566+00:00" testType="13cdc9d9-ddb5-4fa4-a97d-d965ccfc6d4b" outcome="Passed" testListId="8c84fa94-04c1-424b-9868-57a2d4851a1d" relativeResultsDirectory="a41d460d-b6e4-4b5d-8c68-001399b95299" />
  </Results>
  <TestDefinitions>
    <UnitTest name="TestMyMiddlewareIntegration (100)" storage="/home/runner/work/blackbytesbox.unified.core/blackbytesbox.unified.core/source/blackbytesbox.unified.core/blackbytesbox.unified.core.tests/bin/release/net9.0/blackbytesbox.unified.core.tests.dll" id="5ceebc2e-d578-7933-b5ba-c7e9c791e4db">
      <Execution id="a41d460d-b6e4-4b5d-8c68-001399b95299" />
      <TestMethod codeBase="/home/runner/work/BlackBytesBox.Unified.Core/BlackBytesBox.Unified.Core/source/BlackBytesBox.Unified.Core/BlackBytesBox.Unified.Core.Tests/bin/Release/net9.0/BlackBytesBox.Unified.Core.Tests.dll" adapterTypeName="executor://mstestadapter/v2" className="BlackBytesBox.Unified.Core.Tests.MainContextIntegrationTests" name="TestMyMiddlewareIntegration" />
    </UnitTest>
  </TestDefinitions>
  <TestEntries>
    <TestEntry testId="5ceebc2e-d578-7933-b5ba-c7e9c791e4db" executionId="a41d460d-b6e4-4b5d-8c68-001399b95299" testListId="8c84fa94-04c1-424b-9868-57a2d4851a1d" />
  </TestEntries>
  <TestLists>
    <TestList name="Results Not in a List" id="8c84fa94-04c1-424b-9868-57a2d4851a1d" />
    <TestList name="All Loaded Results" id="19431567-8539-422a-85d7-44ee4e166bda" />
  </TestLists>
  <ResultSummary outcome="Completed">
    <Counters total="1" executed="1" passed="1" failed="0" error="0" timeout="0" aborted="0" inconclusive="0" passedButRunAborted="0" notRunnable="0" notExecuted="0" disconnected="0" warning="0" completed="0" inProgress="0" pending="0" />
    <Output>
      <StdOut>Test Parallelization enabled for /home/runner/work/BlackBytesBox.Unified.Core/BlackBytesBox.Unified.Core/source/BlackBytesBox.Unified.Core/BlackBytesBox.Unified.Core.Tests/bin/Release/net9.0/BlackBytesBox.Unified.Core.Tests.dll (Workers: 4, Scope: MethodLevel)
</StdOut>
    </Output>
  </ResultSummary>
</TestRun>